c:\users\oavera\desktop\pokargameinc\pokargame\pokargame\debug\pokargame.pch
c:\users\oavera\desktop\pokargameinc\pokargame\pokargame\debug\vc120.pdb
c:\users\oavera\desktop\pokargameinc\pokargame\pokargame\debug\stdafx.obj
c:\users\oavera\desktop\pokargameinc\pokargame\pokargame\debug\pokargame.obj
c:\users\oavera\desktop\pokargameinc\pokargame\pokargame\debug\assemblyinfo.obj
c:\users\oavera\desktop\pokargameinc\pokargame\pokargame\debug\.netframework,version=v4.0.assemblyattributes.obj
c:\users\oavera\desktop\pokargameinc\pokargame\debug\pokargame.exe
c:\users\oavera\desktop\pokargameinc\pokargame\debug\pokargame.pdb
c:\users\oavera\desktop\pokargameinc\pokargame\pokargame\debug\app.res
c:\users\oavera\desktop\pokargameinc\pokargame\pokargame\debug\pokargame.vcxprojresolveassemblyreference.cache
c:\users\oavera\desktop\pokargameinc\pokargame\pokargame\debug\pokargame.tlog\cl.command.1.tlog
c:\users\oavera\desktop\pokargameinc\pokargame\pokargame\debug\pokargame.tlog\cl.read.1.tlog
c:\users\oavera\desktop\pokargameinc\pokargame\pokargame\debug\pokargame.tlog\cl.write.1.tlog
c:\users\oavera\desktop\pokargameinc\pokargame\pokargame\debug\pokargame.tlog\link.command.1.tlog
c:\users\oavera\desktop\pokargameinc\pokargame\pokargame\debug\pokargame.tlog\link.read.1.tlog
c:\users\oavera\desktop\pokargameinc\pokargame\pokargame\debug\pokargame.tlog\link.write.1.tlog
c:\users\oavera\desktop\pokargameinc\pokargame\pokargame\debug\pokargame.tlog\metagen.read.1.tlog
c:\users\oavera\desktop\pokargameinc\pokargame\pokargame\debug\pokargame.tlog\metagen.write.1.tlog
c:\users\oavera\desktop\pokargameinc\pokargame\pokargame\debug\pokargame.tlog\rc.command.1.tlog
c:\users\oavera\desktop\pokargameinc\pokargame\pokargame\debug\pokargame.tlog\rc.read.1.tlog
c:\users\oavera\desktop\pokargameinc\pokargame\pokargame\debug\pokargame.tlog\rc.write.1.tlog
c:\users\oavera\desktop\pokargameinc\pokargame\pokargame\debug\pokargame.tlog\rsaenh.dll.bi
c:\users\oavera\desktop\pokargameinc\pokargame\pokargame\debug\pokargame.tlog\tzres.dll.bi
