c:\users\oavera\desktop\pokargameinc\pokargame\pokargame\release\pokargame.pch
c:\users\oavera\desktop\pokargameinc\pokargame\pokargame\release\vc120.pdb
c:\users\oavera\desktop\pokargameinc\pokargame\pokargame\release\stdafx.obj
c:\users\oavera\desktop\pokargameinc\pokargame\pokargame\release\pokargame.obj
c:\users\oavera\desktop\pokargameinc\pokargame\pokargame\release\assemblyinfo.obj
c:\users\oavera\desktop\pokargameinc\pokargame\pokargame\release\.netframework,version=v4.0.assemblyattributes.obj
c:\users\oavera\desktop\pokargameinc\pokargame\release\pokargame.exe
c:\users\oavera\desktop\pokargameinc\pokargame\release\pokargame.pdb
c:\users\oavera\desktop\pokargameinc\pokargame\pokargame\release\app.res
c:\users\oavera\desktop\pokargameinc\pokargame\pokargame\release\pokargame.vcxprojresolveassemblyreference.cache
c:\users\oavera\desktop\pokargameinc\pokargame\pokargame\release\pokargame.tlog\cl.command.1.tlog
c:\users\oavera\desktop\pokargameinc\pokargame\pokargame\release\pokargame.tlog\cl.read.1.tlog
c:\users\oavera\desktop\pokargameinc\pokargame\pokargame\release\pokargame.tlog\cl.write.1.tlog
c:\users\oavera\desktop\pokargameinc\pokargame\pokargame\release\pokargame.tlog\link.command.1.tlog
c:\users\oavera\desktop\pokargameinc\pokargame\pokargame\release\pokargame.tlog\link.read.1.tlog
c:\users\oavera\desktop\pokargameinc\pokargame\pokargame\release\pokargame.tlog\link.write.1.tlog
c:\users\oavera\desktop\pokargameinc\pokargame\pokargame\release\pokargame.tlog\metagen.read.1.tlog
c:\users\oavera\desktop\pokargameinc\pokargame\pokargame\release\pokargame.tlog\metagen.write.1.tlog
c:\users\oavera\desktop\pokargameinc\pokargame\pokargame\release\pokargame.tlog\rc.command.1.tlog
c:\users\oavera\desktop\pokargameinc\pokargame\pokargame\release\pokargame.tlog\rc.read.1.tlog
c:\users\oavera\desktop\pokargameinc\pokargame\pokargame\release\pokargame.tlog\rc.write.1.tlog
c:\users\oavera\desktop\pokargameinc\pokargame\pokargame\release\pokargame.tlog\rsaenh.dll.bi
c:\users\oavera\desktop\pokargameinc\pokargame\pokargame\release\pokargame.tlog\tzres.dll.bi
