c:\users\oavera\desktop\game\game\game\debug\game.pch
c:\users\oavera\desktop\game\game\game\debug\vc120.pdb
c:\users\oavera\desktop\game\game\game\debug\stdafx.obj
c:\users\oavera\desktop\game\game\game\debug\game.obj
c:\users\oavera\desktop\game\game\game\debug\assemblyinfo.obj
c:\users\oavera\desktop\game\game\game\debug\.netframework,version=v4.0.assemblyattributes.obj
c:\users\oavera\desktop\game\game\debug\game.exe
c:\users\oavera\desktop\game\game\debug\game.pdb
c:\users\oavera\desktop\game\game\game\debug\app.res
c:\users\oavera\desktop\game\game\game\debug\game.vcxprojresolveassemblyreference.cache
c:\users\oavera\desktop\game\game\game\debug\game.tlog\cl.command.1.tlog
c:\users\oavera\desktop\game\game\game\debug\game.tlog\cl.read.1.tlog
c:\users\oavera\desktop\game\game\game\debug\game.tlog\cl.write.1.tlog
c:\users\oavera\desktop\game\game\game\debug\game.tlog\link.command.1.tlog
c:\users\oavera\desktop\game\game\game\debug\game.tlog\link.read.1.tlog
c:\users\oavera\desktop\game\game\game\debug\game.tlog\link.write.1.tlog
c:\users\oavera\desktop\game\game\game\debug\game.tlog\metagen.read.1.tlog
c:\users\oavera\desktop\game\game\game\debug\game.tlog\metagen.write.1.tlog
c:\users\oavera\desktop\game\game\game\debug\game.tlog\rc.command.1.tlog
c:\users\oavera\desktop\game\game\game\debug\game.tlog\rc.read.1.tlog
c:\users\oavera\desktop\game\game\game\debug\game.tlog\rc.write.1.tlog
c:\users\oavera\desktop\game\game\game\debug\game.tlog\rsaenh.dll.bi
c:\users\oavera\desktop\game\game\game\debug\game.tlog\tzres.dll.bi
